Event{id=1, message='Some event for user John Smith', date=Jul 29, 2016 6:42:17 PM}
Event{id=2, message='Some event for user 2', date=Jul 29, 2016 6:42:17 PM}
Event{id=1, message='Some event for user John Smith', date=Aug 23, 2016 4:49:35 PM}
Event{id=2, message='Some event for user 2', date=Aug 23, 2016 4:49:35 PM}
Event{id=1, message='Some event for user John Smith', date=Sep 1, 2016 7:32:00 PM}
Event{id=2, message='Some event for user 2', date=Sep 1, 2016 7:32:00 PM}
Event{id=1, message='Some event for user John Smith', date=Sep 1, 2016 7:33:04 PM}
Event{id=2, message='Some event for user 2', date=Sep 1, 2016 7:33:04 PM}
Event{id=1, message='Some event for user John Smith', date=Sep 1, 2016 7:47:51 PM}
Event{id=2, message='Some event for user 2', date=Sep 26, 2016 12:15:33 AM}
Event{id=2, message='Some event for user 2', date=Sep 26, 2016 12:23:34 AM}
Event{id=2, message='Some event for user 2', date=Sep 26, 2016 12:23:55 AM}
Event{id=2, message='Some event for user 2', date=Sep 26, 2016 12:24:52 AM}
Event{id=2, message='Some event for user 2', date=Sep 26, 2016 12:38:43 AM}
Event{id=2, message='Some event for user 2', date=Sep 26, 2016 12:39:52 AM}
Event{id=2, message='Some event for user 2', date=Sep 26, 2016 7:54:45 PM}
Event{id=2, message='Some event for user 2', date=Sep 27, 2016 9:53:34 AM}
Event{id=2, message='Some event for user 2', date=Sep 27, 2016 9:55:05 AM}
Event{id=2, message='Some event for user 2', date=Sep 27, 2016 9:57:22 AM}
Event{id=2, message='Some event for user 2', date=Sep 27, 2016 10:09:47 AM}
Event{id=2, message='Some event for user 2', date=Sep 27, 2016 10:13:21 AM}
Event{id=1, message='Some event for user John Smith', date=Sep 27, 2016 10:19:32 AM}
Event{id=1, message='Some event for user John Smith', date=Sep 27, 2016 10:20:59 AM}
Event{id=2, message='Some event for user 2', date=Sep 27, 2016 10:20:59 AM}
Event{id=1, message='Some event for user John Smith', date=Sep 27, 2016 10:48:41 AM}
Event{id=1, message='Some event for user John Smith', date=Sep 27, 2016 12:37:48 PM}
Event{id=1, message='Some event for user 1', date=Sep 27, 2016 12:42:19 PM}
Event{id=4, message='null', date=Sep 27, 2016 12:42:19 PM}
Event{id=1, message='Some event for user John Smith', date=Sep 27, 2016 12:42:50 PM}
Event{id=4, message='Some event for user 4', date=Sep 27, 2016 12:42:50 PM}
